2024-11-30 17:43:07,771 - INFO - combo_gui - Starting Experiment 1...
2024-11-30 17:43:07,772 - DEBUG - flow_control - Flow control thread initialized.
2024-11-30 17:43:07,772 - INFO - flow - Starting continuous measurement...
2024-11-30 17:43:07,773 - INFO - flow_control - Flow measurement started successfully.
2024-11-30 17:43:07,773 - DEBUG - flow_control - Reading flow...
2024-11-30 17:43:07,774 - DEBUG - process - Starting flush process...
2024-11-30 17:43:07,774 - DEBUG - valve - Controlling valve mode: flush_flow
2024-11-30 17:43:07,774 - DEBUG - valve - Switching to clean flow...
2024-11-30 17:43:07,774 - DEBUG - valve - Valve 1 (Pin 1): LOW, Valve 2 (Pin 2): HIGH
2024-11-30 17:43:07,774 - DEBUG - valve - Switched to flush flow
2024-11-30 17:43:07,774 - DEBUG - flow - Raw sensor data: [11, 183, 179]
2024-11-30 17:43:07,775 - DEBUG - flow_control - Current flow: 0.2999, Current voltage: 0
2024-11-30 17:43:07,775 - DEBUG - valve - Controlling valve mode: flush_flow
2024-11-30 17:43:07,775 - DEBUG - valve - Switching to clean flow...
2024-11-30 17:43:07,775 - DEBUG - valve - Valve 1 (Pin 1): LOW, Valve 2 (Pin 2): HIGH
2024-11-30 17:43:07,775 - DEBUG - valve - Switched to flush flow
2024-11-30 17:43:07,775 - INFO - flow_control - Valve Mode: flush_flow, Target Flow Rate: 1.000 ml/min, Flow Rate: 0.300 ml/min, Voltage: 14.0 V, Adjustment: 14.0 V
2024-11-30 17:43:08,774 - DEBUG - process - Flush process completed.
2024-11-30 17:43:08,775 - DEBUG - process - Starting homogenization process...
2024-11-30 17:43:08,776 - DEBUG - valve - Controlling valve mode: homogenization_flow
2024-11-30 17:43:08,776 - DEBUG - valve - Switching to homogenization flow...
2024-11-30 17:43:08,776 - DEBUG - valve - Valve 1 (Pin 1): LOW, Valve 2 (Pin 2): LOW
2024-11-30 17:43:08,776 - DEBUG - valve - Switched to homogenization flow
2024-11-30 17:43:09,281 - DEBUG - flow_control - Reading flow...
2024-11-30 17:43:09,282 - DEBUG - flow - Raw sensor data: [0, 102, 156]
2024-11-30 17:43:09,282 - DEBUG - flow_control - Current flow: 0.0102, Current voltage: 14.001999999999999
2024-11-30 17:43:09,283 - DEBUG - valve - Controlling valve mode: homogenization_flow
2024-11-30 17:43:09,283 - DEBUG - valve - Switching to homogenization flow...
2024-11-30 17:43:09,283 - DEBUG - valve - Valve 1 (Pin 1): LOW, Valve 2 (Pin 2): LOW
2024-11-30 17:43:09,283 - DEBUG - valve - Switched to homogenization flow
2024-11-30 17:43:09,283 - INFO - flow_control - Valve Mode: homogenization_flow, Target Flow Rate: 1.000 ml/min, Flow Rate: 0.010 ml/min, Voltage: 33.8 V, Adjustment: 19.8 V
2024-11-30 17:43:09,776 - DEBUG - process - Homogenization process completed.
2024-11-30 17:43:09,777 - DEBUG - process - Starting sampling process...
2024-11-30 17:43:09,777 - DEBUG - valve - Controlling valve mode: sample_flow
2024-11-30 17:43:09,778 - DEBUG - valve - Switching to sample flow...
2024-11-30 17:43:09,778 - DEBUG - valve - Valve 1 (Pin 1): HIGH, Valve 2 (Pin 2): LOW
2024-11-30 17:43:09,778 - DEBUG - valve - Switched to sample flow
2024-11-30 17:43:09,778 - INFO - process - Starting VNA sweep...
2024-11-30 17:43:09,778 - INFO - vna - Attempting to connect to LibreVNA...
2024-11-30 17:43:09,779 - INFO - vna - Connected to LibreVNA.
2024-11-30 17:43:09,779 - DEBUG - vna - Sending command: VNA:ACQuisition:IFBW 10000
2024-11-30 17:43:09,780 - DEBUG - vna - Sending command: VNA:ACQuisition:POINTS 100
2024-11-30 17:43:09,780 - DEBUG - vna - Sending command: VNA:FREQuency:START 0
2024-11-30 17:43:09,780 - DEBUG - vna - Sending command: VNA:FREQuency:STOP 6000000000.0
2024-11-30 17:43:09,780 - INFO - vna - Starting sweep...
2024-11-30 17:43:09,780 - DEBUG - vna - Sending command: VNA:ACQuisition:RUN
2024-11-30 17:43:09,781 - INFO - vna - Waiting for sweep to complete...
2024-11-30 17:43:09,781 - DEBUG - vna - Sending query: *OPC?
2024-11-30 17:43:09,841 - DEBUG - vna - Received response: 1
2024-11-30 17:43:09,841 - INFO - vna - Sweep completed successfully.
2024-11-30 17:43:09,841 - INFO - vna - Waiting 2 seconds post-sweep to fetch data...
2024-11-30 17:43:10,789 - DEBUG - flow_control - Reading flow...
2024-11-30 17:43:10,790 - DEBUG - flow - Raw sensor data: [13, 136, 2]
2024-11-30 17:43:10,790 - DEBUG - flow_control - Current flow: 0.3464, Current voltage: 33.798
2024-11-30 17:43:10,790 - DEBUG - valve - Controlling valve mode: sample_flow
2024-11-30 17:43:10,790 - DEBUG - valve - Switching to sample flow...
2024-11-30 17:43:10,790 - DEBUG - valve - Valve 1 (Pin 1): HIGH, Valve 2 (Pin 2): LOW
2024-11-30 17:43:10,791 - DEBUG - valve - Switched to sample flow
2024-11-30 17:43:10,791 - INFO - flow_control - Valve Mode: sample_flow, Target Flow Rate: 0.400 ml/min, Flow Rate: 0.346 ml/min, Voltage: 33.8 V, Adjustment: 0.0 V
2024-11-30 17:43:11,841 - INFO - vna - Fetching selected S-parameter data...
2024-11-30 17:43:11,842 - INFO - vna - Collecting S21 data...
2024-11-30 17:43:11,842 - DEBUG - vna - Sending query: VNA:TRACe:DATA? S21
2024-11-30 17:43:11,845 - DEBUG - vna - Received response: [0,-0.00321964,0.16908],[60606060,-3.15257e-05,5.41266e-06],[121212121,1.64956e-05,-5.17876e-05],[181818181,4.57734e-06,4.20747e-05],[242424242,-2.27802e-05,-1.47163e-05],[303030303,-1.99081e-05,2.1908e-05],[363636363,4.08153e-05,1.57252e-05],[424242424,3.04553e-05,-0.000114761],[484848484,1.31512e-05,0.000245245],[545454545,9.163e-05,3.75091e-05],[606060606,9.10605e-05,4.00252e-05],[666666666,0.000104596,-5.65097e-05],[727272727,-2.9493e-05,-5.20262e-05],[787878787,-0.00010999,-7.2837e-05],[848484848,-9.39312e-05,-6.24084e-05],[909090909,-0.000171877,2.54511e-05],[969696969,2.82544e-05,0.000104621],[1030303030,0.000204215,0.00015997],[1090909090,0.000136723,-5.76189e-05],[1151515151,7.21185e-05,-2.04791e-05],[1212121212,-7.19736e-05,-7.42612e-08],[1272727272,2.5023e-05,6.79097e-06],[1333333333,0.000214874,0.00011065],[1393939393,-0.000334405,-0.000243515],[1454545454,-0.000272163,8.76311e-05],[1515151515,-0.000208332,0.000259753],[1575757575,0.000125501,0.000398548],[1636363636,0.000422586,0.000206208],[1696969696,0.000511234,-0.000225501],[1757575757,6.51998e-05,-0.000599164],[1818181818,-0.000409687,-0.000437213],[1878787878,-0.000625978,-0.000206774],[1939393939,-0.000681007,0.000330021],[2000000000,-0.000344337,0.000867495],[2060606060,0.000162474,0.000815317],[2121212121,0.000760073,0.000580847],[2181818181,0.00138532,-0.000246721],[2242424242,0.00106248,-0.00175341],[2303030303,-0.00118455,0.000305406],[2363636363,-0.000242034,-0.00011237],[2424242424,-0.000699839,-2.14822e-05],[2484848484,-0.000939861,0.000462888],[2545454545,-0.000578487,0.00109681],[2606060606,0.000657827,0.00149902],[2666666666,0.00160126,0.000346287],[2727272727,0.00151565,-0.00100757],[2787878787,0.000385694,-0.00159403],[2848484848,-0.000732073,-0.00155138],[2909090909,-0.00157153,-0.000982601],[2969696969,-0.00211599,-2.63772e-05],[3030303030,-0.00236014,0.00149656],[3090909090,-0.00125474,0.00403487],[3151515151,0.00526879,0.00524546],[3212121212,0.00354274,-0.00676393],[3272727272,-0.00227085,-0.00224629],[3333333333,-0.000862133,-0.000786093],[3393939393,-0.00187157,-0.00120358],[3454545454,-0.00267614,0.000588525],[3515151515,-0.00171773,0.00218265],[3575757575,-1.67858e-06,0.00309335],[3636363636,0.00199463,0.0027604],[3696969696,0.00379795,0.00114319],[3757575757,0.0043422,-0.00184732],[3818181818,0.00189287,-0.0050595],[3878787878,-0.00263498,-0.00557728],[3939393939,-0.00641388,-0.00209984],[4000000000,-0.00665254,0.00313362],[4060606060,-0.00271316,0.00755833],[4121212121,0.00415076,0.00747143],[4181818181,0.00692055,0.00187905],[4242424242,0.00414859,-0.00227774],[4303030303,0.00168077,-0.00158562],[4363636363,0.00262714,-0.00243107],[4424242424,0.000854164,-0.00466294],[4484848484,-0.00254199,-0.00510959],[4545454545,-0.00593791,-0.003157],[4606060606,-0.00836839,0.00122256],[4666666666,-0.00745845,0.00843404],[4727272727,0.00205965,0.0158457],[4787878787,0.0203566,0.00755752],[4848484848,0.0144679,-0.0164952],[4909090909,-0.00557456,-0.017002],[4969696969,-0.0141736,-0.00546618],[5030303030,-0.0125907,0.00658228],[5090909090,-0.00275666,0.0141466],[5151515151,0.0105494,0.0110792],[5212121212,0.0144443,-0.00574493],[5272727272,0.00215693,-0.00717477],[5333333333,0.00309445,-0.008612],[5393939393,-0.00607548,-0.0149415],[5454545454,-0.0208117,-0.00277214],[5515151515,-0.012379,0.0143294],[5575757575,0.00125685,0.015975],[5636363636,0.00907041,0.0114841],[5696969696,0.013212,0.00595623],[5757575757,0.0151424,-0.00128957],[5818181818,0.0133333,-0.0107406],[5878787878,0.00217726,-0.0203958],[5939393939,-0.0182026,-0.0153279],[6000000000,-0.0244311,0.00576935]
2024-11-30 17:43:11,845 - DEBUG - vna - Raw data received: ['0,-0.00321964,0.16908', '60606060,-3.15257e-05,5.41266e-06', '121212121,1.64956e-05,-5.17876e-05', '181818181,4.57734e-06,4.20747e-05', '242424242,-2.27802e-05,-1.47163e-05']...
2024-11-30 17:43:11,845 - INFO - vna - Collecting S11 data...
2024-11-30 17:43:11,845 - DEBUG - vna - Sending query: VNA:TRACe:DATA? S11
2024-11-30 17:43:11,846 - DEBUG - vna - Received response: [0,-0.332942,-0.357757],[60606060,-0.661078,0.0852657],[121212121,-0.644085,0.212982],[181818181,-0.608798,0.341389],[242424242,-0.54951,0.473606],[303030303,-0.452334,0.601026],[363636363,-0.306811,0.708309],[424242424,-0.136069,0.774147],[484848484,0.0467551,0.800482],[545454545,0.232198,0.762582],[606060606,0.402027,0.691396],[666666666,0.541571,0.591652],[727272727,0.672814,0.450464],[787878787,0.766454,0.289705],[848484848,0.820689,0.117316],[909090909,0.834635,-0.0825879],[969696969,0.789534,-0.291466],[1030303030,0.667794,-0.494544],[1090909090,0.497718,-0.643626],[1151515151,0.3014,-0.72167],[1212121212,0.117615,-0.744707],[1272727272,-0.068699,-0.733996],[1333333333,-0.23066,-0.681513],[1393939393,-0.376818,-0.608074],[1454545454,-0.511397,-0.514638],[1515151515,-0.631061,-0.384914],[1575757575,-0.720802,-0.214658],[1636363636,-0.765391,-0.0267568],[1696969696,-0.748459,0.182241],[1757575757,-0.660209,0.390363],[1818181818,-0.532179,0.53669],[1878787878,-0.389668,0.635696],[1939393939,-0.242261,0.699362],[2000000000,-0.0832477,0.727171],[2060606060,0.0709132,0.734183],[2121212121,0.236817,0.707961],[2181818181,0.399242,0.634944],[2242424242,0.544079,0.514578],[2303030303,0.648332,0.349866],[2363636363,0.700096,0.171701],[2424242424,0.691235,0.00717569],[2484848484,0.648906,-0.120706],[2545454545,0.593802,-0.210897],[2606060606,0.536036,-0.28111],[2666666666,0.4734,-0.34582],[2727272727,0.403201,-0.408824],[2787878787,0.331071,-0.46389],[2848484848,0.246781,-0.526681],[2909090909,0.139246,-0.58191],[2969696969,0.00190717,-0.612023],[3030303030,-0.161731,-0.602111],[3090909090,-0.324667,-0.542118],[3151515151,-0.465914,-0.406797],[3212121212,-0.555644,-0.223892],[3272727272,-0.570337,-0.0452915],[3333333333,-0.537831,0.108066],[3393939393,-0.469673,0.244602],[3454545454,-0.374986,0.350255],[3515151515,-0.275197,0.41763],[3575757575,-0.155824,0.460292],[3636363636,-0.0412138,0.468676],[3696969696,0.0697262,0.444641],[3757575757,0.154904,0.39461],[3818181818,0.221965,0.33067],[3878787878,0.263181,0.265425],[3939393939,0.290547,0.199336],[4000000000,0.308169,0.140973],[4060606060,0.317564,0.0865102],[4121212121,0.320875,0.0507754],[4181818181,0.322658,0.0483121],[4242424242,0.331262,0.0137932],[4303030303,0.338424,-0.0390853],[4363636363,0.339361,-0.0949767],[4424242424,0.331038,-0.157456],[4484848484,0.307907,-0.215195],[4545454545,0.270637,-0.273099],[4606060606,0.200598,-0.33673],[4666666666,0.107798,-0.386356],[4727272727,-0.0181756,-0.401555],[4787878787,-0.148645,-0.37005],[4848484848,-0.26469,-0.296465],[4909090909,-0.345758,-0.191023],[4969696969,-0.37631,-0.0928111],[5030303030,-0.378821,0.0560002],[5090909090,-0.31409,0.206963],[5151515151,-0.202453,0.295219],[5212121212,-0.0799753,0.327348],[5272727272,0.0469162,0.323182],[5333333333,0.162413,0.267952],[5393939393,0.233761,0.203957],[5454545454,0.271153,0.14924],[5515151515,0.295462,0.0922426],[5575757575,0.308086,0.019727],[5636363636,0.309889,-0.0267109],[5696969696,0.305707,-0.055642],[5757575757,0.286456,-0.105775],[5818181818,0.250861,-0.163258],[5878787878,0.201648,-0.213604],[5939393939,0.158939,-0.238349],[6000000000,0.108923,-0.253766]
2024-11-30 17:43:11,846 - DEBUG - vna - Raw data received: ['0,-0.332942,-0.357757', '60606060,-0.661078,0.0852657', '121212121,-0.644085,0.212982', '181818181,-0.608798,0.341389', '242424242,-0.54951,0.473606']...
2024-11-30 17:43:11,847 - INFO - vna - Collecting S12 data...
2024-11-30 17:43:11,847 - DEBUG - vna - Sending query: VNA:TRACe:DATA? S12
2024-11-30 17:43:11,847 - DEBUG - vna - Received response: [0,-0.325918,-0.356168],[60606060,-9.78822e-06,4.05119e-05],[121212121,3.60758e-05,3.12525e-05],[181818181,-2.46372e-05,7.40179e-05],[242424242,5.19642e-05,-2.82051e-05],[303030303,-2.68626e-05,-7.08675e-05],[363636363,2.18021e-05,-3.30428e-05],[424242424,-0.000132513,-8.02067e-05],[484848484,0.000117273,8.91831e-05],[545454545,6.05716e-05,4.77264e-05],[606060606,2.5437e-05,-1.25128e-05],[666666666,3.73383e-05,-2.2889e-05],[727272727,-4.1104e-05,-3.04335e-05],[787878787,-2.42641e-05,-0.000217876],[848484848,-4.75385e-05,-0.000125955],[909090909,-0.000119432,-8.25815e-06],[969696969,-0.000165356,7.95433e-05],[1030303030,-3.63454e-05,0.000135771],[1090909090,3.6923e-05,0.000145047],[1151515151,0.000125193,8.8153e-05],[1212121212,0.000161381,3.87336e-05],[1272727272,4.42313e-05,-6.58723e-05],[1333333333,-0.000262877,5.05137e-05],[1393939393,0.000463428,8.88606e-05],[1454545454,0.000224105,-8.56956e-05],[1515151515,0.000318613,-0.000220259],[1575757575,0.00014613,-0.000386311],[1636363636,-0.000108079,-0.00051968],[1696969696,-0.000517295,-0.000469084],[1757575757,-0.000665595,-9.37642e-05],[1818181818,-0.000611388,0.000316338],[1878787878,-0.000480513,0.000475088],[1939393939,-0.000240019,0.000582677],[2000000000,-7.39618e-05,0.000707687],[2060606060,0.000394083,0.000809855],[2121212121,0.000848001,0.000666727],[2181818181,0.00121704,0.00021069],[2242424242,0.00185303,-0.000995947],[2303030303,-0.000739608,-0.000581827],[2363636363,-2.2603e-06,-0.000450489],[2424242424,-5.54971e-05,-0.000757614],[2484848484,-0.000374265,-0.000971627],[2545454545,-0.000944771,-0.00102525],[2606060606,-0.0015393,-0.000489937],[2666666666,-0.00189111,0.000557811],[2727272727,-0.00136253,0.00163223],[2787878787,-0.000304946,0.0019854],[2848484848,0.000443522,0.00176302],[2909090909,0.0010505,0.00152982],[2969696969,0.00165282,0.00132644],[3030303030,0.00253527,0.000778181],[3090909090,0.00385268,-0.000502141],[3151515151,0.00412229,-0.00549889],[3212121212,-0.00541462,-0.00436269],[3272727272,-0.00287154,0.000721893],[3333333333,-0.000991645,-0.000108167],[3393939393,-0.0020912,-0.000328709],[3454545454,-0.00230327,0.000746154],[3515151515,-0.00195142,0.00162266],[3575757575,-0.00125522,0.00225223],[3636363636,-0.000597787,0.0028826],[3696969696,0.000427856,0.00349533],[3757575757,0.0021384,0.00369249],[3818181818,0.0044491,0.00294361],[3878787878,0.0063316,0.000214606],[3939393939,0.0061285,-0.00400884],[4000000000,0.00305504,-0.007228],[4060606060,-0.0019024,-0.00873979],[4121212121,-0.00757081,-0.00605549],[4181818181,-0.00820875,-0.000113072],[4242424242,-0.00405856,0.00296513],[4303030303,-0.00199484,0.0014463],[4363636363,-0.00359087,0.00151304],[4424242424,-0.0034346,0.0035949],[4484848484,-0.002432,0.00503815],[4545454545,-0.000840507,0.00658655],[4606060606,0.00180047,0.00814338],[4666666666,0.00691347,0.00887329],[4727272727,0.0151492,0.00457295],[4787878787,0.0177044,-0.0107172],[4848484848,0.00186779,-0.0206544],[4909090909,-0.0100918,-0.0136226],[4969696969,-0.0124713,-0.00647708],[5030303030,-0.0128743,0.000123832],[5090909090,-0.0110156,0.00662478],[5151515151,-0.0063529,0.0124833],[5212121212,0.00498334,0.0135817],[5272727272,0.00587683,0.00410336],[5333333333,0.00599922,0.00701254],[5393939393,0.0158056,0.00525439],[5454545454,0.0189319,-0.0104391],[5515151515,0.00639305,-0.0182349],[5575757575,-0.00335984,-0.0163563],[5636363636,-0.00837401,-0.0130084],[5696969696,-0.0108705,-0.00999097],[5757575757,-0.013943,-0.00652099],[5818181818,-0.0172954,-0.000792906],[5878787878,-0.0191594,0.00912095],[5939393939,-0.0140401,0.0215915],[6000000000,0.00325785,0.0275823]
2024-11-30 17:43:11,848 - DEBUG - vna - Raw data received: ['0,-0.325918,-0.356168', '60606060,-9.78822e-06,4.05119e-05', '121212121,3.60758e-05,3.12525e-05', '181818181,-2.46372e-05,7.40179e-05', '242424242,5.19642e-05,-2.82051e-05']...
2024-11-30 17:43:11,848 - INFO - vna - Collecting S22 data...
2024-11-30 17:43:11,848 - DEBUG - vna - Sending query: VNA:TRACe:DATA? S22
2024-11-30 17:43:11,849 - DEBUG - vna - Received response: [0,-0.00287621,0.166835],[60606060,0.490426,-0.438636],[121212121,-0.10228,-0.703792],[181818181,-0.703461,-0.27722],[242424242,-0.573432,0.486525],[303030303,0.118481,0.697942],[363636363,0.599099,0.272924],[424242424,0.478065,-0.371109],[484848484,0.325995,-0.533513],[545454545,-0.266216,-0.601362],[606060606,-0.648479,-0.175263],[666666666,-0.55319,0.399382],[727272727,-0.00803828,0.696715],[787878787,0.582661,0.431808],[848484848,0.694823,-0.306389],[909090909,-0.0528178,-0.753696],[969696969,-0.675671,-0.16622],[1030303030,-0.388309,0.489535],[1090909090,0.179269,0.565972],[1151515151,0.54106,0.235259],[1212121212,0.554998,-0.24292],[1272727272,0.211248,-0.581723],[1333333333,-0.280662,-0.555052],[1393939393,-0.569036,-0.236672],[1454545454,-0.549626,0.268165],[1515151515,-0.135561,0.591941],[1575757575,0.435409,0.439477],[1636363636,0.581215,-0.209566],[1696969696,-0.0174773,-0.591524],[1757575757,-0.519239,-0.183475],[1818181818,-0.408086,0.329809],[1878787878,0.00325841,0.523547],[1939393939,0.421095,0.339475],[2000000000,0.551356,-0.106585],[2060606060,0.249868,-0.522357],[2121212121,-0.28661,-0.499829],[2181818181,-0.554329,-0.0497929],[2242424242,-0.31397,0.415983],[2303030303,0.0443197,0.507833],[2363636363,0.497136,0.262043],[2424242424,0.514324,-0.266103],[2484848484,0.064461,-0.573652],[2545454545,-0.435472,-0.326265],[2606060606,-0.426563,0.231057],[2666666666,0.0799846,0.405062],[2727272727,0.342288,0.0245308],[2787878787,0.14294,-0.268844],[2848484848,-0.129314,-0.262506],[2909090909,-0.283308,-0.0947724],[2969696969,-0.292831,0.100991],[3030303030,-0.190832,0.270522],[3090909090,0.0406168,0.353038],[3151515151,0.308335,0.124978],[3212121212,0.0667106,0.069585],[3272727272,0.319629,-0.0850491],[3333333333,-0.100754,-0.352584],[3393939393,-0.241057,0.140894],[3454545454,0.125976,0.241214],[3515151515,0.31014,0.00863027],[3575757575,0.249571,-0.248499],[3636363636,0.0224889,-0.39169],[3696969696,-0.255323,-0.329178],[3757575757,-0.43579,-0.0557799],[3818181818,-0.313115,0.30131],[3878787878,0.100763,0.366737],[3939393939,0.274188,0.0239268],[4000000000,0.0360315,-0.199086],[4060606060,-0.218469,-0.0396259],[4121212121,-0.0851455,0.254807],[4181818181,0.188488,0.103822],[4242424242,0.00173376,-0.0974397],[4303030303,-0.0726013,0.189906],[4363636363,0.295836,0.0761471],[4424242424,0.174829,-0.232578],[4484848484,-0.0689012,-0.260742],[4545454545,-0.228544,-0.124005],[4606060606,-0.245047,0.0810096],[4666666666,-0.0943577,0.244841],[4727272727,0.168905,0.18944],[4787878787,0.174765,-0.138738],[4848484848,-0.164462,-0.106977],[4909090909,-0.120807,0.172518],[4969696969,0.107942,0.201167],[5030303030,0.234999,0.0408473],[5090909090,0.188129,-0.156695],[5151515151,-0.00940453,-0.232915],[5212121212,-0.112817,-0.0614202],[5272727272,-0.0626966,-0.135525],[5333333333,-0.235216,-0.0263493],[5393939393,-0.112227,0.198246],[5454545454,0.119317,0.0307301],[5515151515,-0.0694346,-0.133303],[5575757575,-0.222554,0.00739664],[5636363636,-0.198212,0.180039],[5696969696,-0.0928055,0.276996],[5757575757,0.0628468,0.291939],[5818181818,0.20959,0.199429],[5878787878,0.251642,-0.0127069],[5939393939,0.0710537,-0.152667],[6000000000,-0.0509519,-0.0116472]
2024-11-30 17:43:11,849 - DEBUG - vna - Raw data received: ['0,-0.00287621,0.166835', '60606060,0.490426,-0.438636', '121212121,-0.10228,-0.703792', '181818181,-0.703461,-0.27722', '242424242,-0.573432,0.486525']...
2024-11-30 17:43:11,849 - INFO - vna - Saving raw data to Raw_datalog/2024-11-30_17-43-11_chem_PFOA_conc_624_exp_1.csv...
2024-11-30 17:43:11,851 - INFO - vna - Raw data saved successfully.
2024-11-30 17:43:11,859 - INFO - processing_manager - Baseline data loaded successfully.
2024-11-30 17:43:11,859 - INFO - processing_manager - Starting processing and saving...
2024-11-30 17:43:11,859 - INFO - processing_manager - Starting preprocessing...
2024-11-30 17:43:11,859 - INFO - processing_manager - Applying baseline correction...
2024-11-30 17:43:11,864 - ERROR - processing_manager - Error during baseline correction: 'S11_Mag'
2024-11-30 17:43:11,864 - DEBUG - processing_manager - Exception details:
Traceback (most recent call last):
  File "/home/rop/miniforge3/envs/analyzer_v1/lib/python3.11/site-packages/pandas/core/indexes/base.py", line 3805, in get_loc
    return self._engine.get_loc(casted_key)
           ^^^^^^^^^^^^^^^^^^^^^^^^^^^^^^^^
  File "index.pyx", line 167, in pandas._libs.index.IndexEngine.get_loc
  File "index.pyx", line 196, in pandas._libs.index.IndexEngine.get_loc
  File "pandas/_libs/hashtable_class_helper.pxi", line 7081, in pandas._libs.hashtable.PyObjectHashTable.get_item
  File "pandas/_libs/hashtable_class_helper.pxi", line 7089, in pandas._libs.hashtable.PyObjectHashTable.get_item
KeyError: 'S11_Mag'

The above exception was the direct cause of the following exception:

Traceback (most recent call last):
  File "/home/rop/Documents/analyzer_v2/ctrls/processing_manager.py", line 57, in apply_baseline_correction
    data["Permittivity_Corrected"] = data["S11_Mag"] - data["Baseline_Permittivity"]
                                     ~~~~^^^^^^^^^^^
  File "/home/rop/miniforge3/envs/analyzer_v1/lib/python3.11/site-packages/pandas/core/frame.py", line 4102, in __getitem__
    indexer = self.columns.get_loc(key)
              ^^^^^^^^^^^^^^^^^^^^^^^^^
  File "/home/rop/miniforge3/envs/analyzer_v1/lib/python3.11/site-packages/pandas/core/indexes/base.py", line 3812, in get_loc
    raise KeyError(key) from err
KeyError: 'S11_Mag'
2024-11-30 17:43:11,871 - ERROR - processing_manager - Error during preprocessing: 'S11_Mag'
2024-11-30 17:43:11,871 - DEBUG - processing_manager - Exception details:
Traceback (most recent call last):
  File "/home/rop/miniforge3/envs/analyzer_v1/lib/python3.11/site-packages/pandas/core/indexes/base.py", line 3805, in get_loc
    return self._engine.get_loc(casted_key)
           ^^^^^^^^^^^^^^^^^^^^^^^^^^^^^^^^
  File "index.pyx", line 167, in pandas._libs.index.IndexEngine.get_loc
  File "index.pyx", line 196, in pandas._libs.index.IndexEngine.get_loc
  File "pandas/_libs/hashtable_class_helper.pxi", line 7081, in pandas._libs.hashtable.PyObjectHashTable.get_item
  File "pandas/_libs/hashtable_class_helper.pxi", line 7089, in pandas._libs.hashtable.PyObjectHashTable.get_item
KeyError: 'S11_Mag'

The above exception was the direct cause of the following exception:

Traceback (most recent call last):
  File "/home/rop/Documents/analyzer_v2/ctrls/processing_manager.py", line 78, in preprocess
    processed_data = self.apply_baseline_correction(processed_data)
                     ^^^^^^^^^^^^^^^^^^^^^^^^^^^^^^^^^^^^^^^^^^^^^^
  File "/home/rop/Documents/analyzer_v2/ctrls/processing_manager.py", line 57, in apply_baseline_correction
    data["Permittivity_Corrected"] = data["S11_Mag"] - data["Baseline_Permittivity"]
                                     ~~~~^^^^^^^^^^^
  File "/home/rop/miniforge3/envs/analyzer_v1/lib/python3.11/site-packages/pandas/core/frame.py", line 4102, in __getitem__
    indexer = self.columns.get_loc(key)
              ^^^^^^^^^^^^^^^^^^^^^^^^^
  File "/home/rop/miniforge3/envs/analyzer_v1/lib/python3.11/site-packages/pandas/core/indexes/base.py", line 3812, in get_loc
    raise KeyError(key) from err
KeyError: 'S11_Mag'
2024-11-30 17:43:11,872 - ERROR - processing_manager - Error during process_and_save: 'S11_Mag'
2024-11-30 17:43:11,872 - DEBUG - processing_manager - Exception details:
Traceback (most recent call last):
  File "/home/rop/miniforge3/envs/analyzer_v1/lib/python3.11/site-packages/pandas/core/indexes/base.py", line 3805, in get_loc
    return self._engine.get_loc(casted_key)
           ^^^^^^^^^^^^^^^^^^^^^^^^^^^^^^^^
  File "index.pyx", line 167, in pandas._libs.index.IndexEngine.get_loc
  File "index.pyx", line 196, in pandas._libs.index.IndexEngine.get_loc
  File "pandas/_libs/hashtable_class_helper.pxi", line 7081, in pandas._libs.hashtable.PyObjectHashTable.get_item
  File "pandas/_libs/hashtable_class_helper.pxi", line 7089, in pandas._libs.hashtable.PyObjectHashTable.get_item
KeyError: 'S11_Mag'

The above exception was the direct cause of the following exception:

Traceback (most recent call last):
  File "/home/rop/Documents/analyzer_v2/ctrls/processing_manager.py", line 126, in process_and_save
    processed_data = self.preprocess(raw_data)
                     ^^^^^^^^^^^^^^^^^^^^^^^^^
  File "/home/rop/Documents/analyzer_v2/ctrls/processing_manager.py", line 78, in preprocess
    processed_data = self.apply_baseline_correction(processed_data)
                     ^^^^^^^^^^^^^^^^^^^^^^^^^^^^^^^^^^^^^^^^^^^^^^
  File "/home/rop/Documents/analyzer_v2/ctrls/processing_manager.py", line 57, in apply_baseline_correction
    data["Permittivity_Corrected"] = data["S11_Mag"] - data["Baseline_Permittivity"]
                                     ~~~~^^^^^^^^^^^
  File "/home/rop/miniforge3/envs/analyzer_v1/lib/python3.11/site-packages/pandas/core/frame.py", line 4102, in __getitem__
    indexer = self.columns.get_loc(key)
              ^^^^^^^^^^^^^^^^^^^^^^^^^
  File "/home/rop/miniforge3/envs/analyzer_v1/lib/python3.11/site-packages/pandas/core/indexes/base.py", line 3812, in get_loc
    raise KeyError(key) from err
KeyError: 'S11_Mag'
2024-11-30 17:43:11,873 - ERROR - vna - An error occurred: 'S11_Mag'
2024-11-30 17:43:11,873 - INFO - vna - VNA connection closed.
2024-11-30 17:43:11,873 - INFO - vna - VNA connection closed.
2024-11-30 17:43:11,874 - INFO - combo_gui - Completed Experiment 1.
2024-11-30 17:43:12,296 - DEBUG - flow_control - Reading flow...
2024-11-30 17:43:12,298 - DEBUG - flow - Raw sensor data: [13, 150, 94]
2024-11-30 17:43:12,298 - DEBUG - flow_control - Current flow: 0.3478, Current voltage: 33.798
2024-11-30 17:43:12,298 - DEBUG - valve - Controlling valve mode: sample_flow
2024-11-30 17:43:12,298 - DEBUG - valve - Switching to sample flow...
2024-11-30 17:43:12,298 - ERROR - valve - Error controlling valve mode sample_flow: Please set pin numbering mode using GPIO.setmode(GPIO.BOARD), GPIO.setmode(GPIO.BCM), GPIO.setmode(GPIO.TEGRA_SOC) or GPIO.setmode(GPIO.CVM)
2024-11-30 17:43:12,298 - INFO - flow_control - Valve Mode: sample_flow, Target Flow Rate: 0.400 ml/min, Flow Rate: 0.348 ml/min, Voltage: 33.8 V, Adjustment: 0.0 V
2024-11-30 17:43:13,804 - DEBUG - flow_control - Reading flow...
2024-11-30 17:43:13,805 - DEBUG - flow - Raw sensor data: [13, 206, 153]
2024-11-30 17:43:13,805 - DEBUG - flow_control - Current flow: 0.3534, Current voltage: 33.798
2024-11-30 17:43:13,806 - DEBUG - valve - Controlling valve mode: sample_flow
2024-11-30 17:43:13,806 - DEBUG - valve - Switching to sample flow...
2024-11-30 17:43:13,806 - ERROR - valve - Error controlling valve mode sample_flow: Please set pin numbering mode using GPIO.setmode(GPIO.BOARD), GPIO.setmode(GPIO.BCM), GPIO.setmode(GPIO.TEGRA_SOC) or GPIO.setmode(GPIO.CVM)
2024-11-30 17:43:13,806 - INFO - flow_control - Valve Mode: sample_flow, Target Flow Rate: 0.400 ml/min, Flow Rate: 0.353 ml/min, Voltage: 33.8 V, Adjustment: 0.0 V
2024-11-30 17:43:15,312 - DEBUG - flow_control - Reading flow...
2024-11-30 17:43:15,313 - DEBUG - flow - Raw sensor data: [13, 177, 79]
2024-11-30 17:43:15,314 - DEBUG - flow_control - Current flow: 0.3505, Current voltage: 33.798
2024-11-30 17:43:15,314 - DEBUG - valve - Controlling valve mode: sample_flow
2024-11-30 17:43:15,314 - DEBUG - valve - Switching to sample flow...
2024-11-30 17:43:15,314 - ERROR - valve - Error controlling valve mode sample_flow: Please set pin numbering mode using GPIO.setmode(GPIO.BOARD), GPIO.setmode(GPIO.BCM), GPIO.setmode(GPIO.TEGRA_SOC) or GPIO.setmode(GPIO.CVM)
2024-11-30 17:43:15,314 - INFO - flow_control - Valve Mode: sample_flow, Target Flow Rate: 0.400 ml/min, Flow Rate: 0.350 ml/min, Voltage: 33.8 V, Adjustment: 0.0 V
2024-11-30 17:43:16,820 - DEBUG - flow_control - Reading flow...
2024-11-30 17:43:16,821 - DEBUG - flow - Raw sensor data: [14, 2, 142]
2024-11-30 17:43:16,821 - DEBUG - flow_control - Current flow: 0.3586, Current voltage: 33.798
2024-11-30 17:43:16,821 - DEBUG - valve - Controlling valve mode: sample_flow
2024-11-30 17:43:16,822 - DEBUG - valve - Switching to sample flow...
2024-11-30 17:43:16,822 - ERROR - valve - Error controlling valve mode sample_flow: Please set pin numbering mode using GPIO.setmode(GPIO.BOARD), GPIO.setmode(GPIO.BCM), GPIO.setmode(GPIO.TEGRA_SOC) or GPIO.setmode(GPIO.CVM)
2024-11-30 17:43:16,822 - INFO - flow_control - Valve Mode: sample_flow, Target Flow Rate: 0.400 ml/min, Flow Rate: 0.359 ml/min, Voltage: 33.8 V, Adjustment: 0.0 V
2024-11-30 17:43:17,067 - INFO - combo_gui - Closing the application...
2024-11-30 17:43:18,328 - DEBUG - flow_control - Reading flow...
2024-11-30 17:43:18,329 - DEBUG - flow - Raw sensor data: [14, 36, 174]
2024-11-30 17:43:18,329 - DEBUG - flow_control - Current flow: 0.362, Current voltage: 33.798
2024-11-30 17:43:18,329 - DEBUG - valve - Controlling valve mode: sample_flow
2024-11-30 17:43:18,329 - DEBUG - valve - Switching to sample flow...
2024-11-30 17:43:18,329 - ERROR - valve - Error controlling valve mode sample_flow: Please set pin numbering mode using GPIO.setmode(GPIO.BOARD), GPIO.setmode(GPIO.BCM), GPIO.setmode(GPIO.TEGRA_SOC) or GPIO.setmode(GPIO.CVM)
2024-11-30 17:43:18,330 - INFO - flow_control - Valve Mode: sample_flow, Target Flow Rate: 0.400 ml/min, Flow Rate: 0.362 ml/min, Voltage: 33.8 V, Adjustment: 0.0 V
